{
  "stats": {
    "suites": 1,
    "tests": 1,
    "passes": 1,
    "pending": 0,
    "failures": 0,
    "start": "2022-12-01T19:25:38.746Z",
    "end": "2022-12-01T19:25:43.826Z",
    "duration": 5080,
    "testsRegistered": 1,
    "passPercent": 100,
    "pendingPercent": 0,
    "other": 0,
    "hasOther": false,
    "skipped": 0,
    "hasSkipped": false
  },
  "results": [
    {
      "uuid": "71aff940-5b91-4096-91d4-f5b0c339488d",
      "title": "",
      "fullFile": "cypress\\e2e\\Page Object Model\\PageObject.cy.js",
      "file": "cypress\\e2e\\Page Object Model\\PageObject.cy.js",
      "beforeHooks": [],
      "afterHooks": [],
      "tests": [],
      "suites": [
        {
          "uuid": "b9a43f21-adae-4bf7-a561-0cf958ea2e3a",
          "title": "Home de www.freerangetesters.com",
          "fullFile": "",
          "file": "",
          "beforeHooks": [],
          "afterHooks": [],
          "tests": [
            {
              "title": "El boton 'Empezá a aprender' existe",
              "fullTitle": "Home de www.freerangetesters.com El boton 'Empezá a aprender' existe",
              "timedOut": null,
              "duration": 3277,
              "state": "passed",
              "speed": "fast",
              "pass": true,
              "fail": false,
              "pending": false,
              "context": null,
              "code": "home.empezarButton().should(\"exist\");",
              "err": {},
              "uuid": "7b746ace-9fc3-4312-88da-dc0b08809db3",
              "parentUUID": "b9a43f21-adae-4bf7-a561-0cf958ea2e3a",
              "isHook": false,
              "skipped": false
            }
          ],
          "suites": [],
          "passes": [
            "7b746ace-9fc3-4312-88da-dc0b08809db3"
          ],
          "failures": [],
          "pending": [],
          "skipped": [],
          "duration": 3277,
          "root": false,
          "rootEmpty": false,
          "_timeout": 2000
        }
      ],
      "passes": [],
      "failures": [],
      "pending": [],
      "skipped": [],
      "duration": 0,
      "root": true,
      "rootEmpty": true,
      "_timeout": 2000
    }
  ],
  "meta": {
    "mocha": {
      "version": "7.0.1"
    },
    "mochawesome": {
      "options": {
        "quiet": false,
        "reportFilename": "mochawesome",
        "saveHtml": true,
        "saveJson": true,
        "consoleReporter": "spec",
        "useInlineDiffs": false,
        "code": true
      },
      "version": "7.1.3"
    },
    "marge": {
      "options": null,
      "version": "6.2.0"
    }
  }
}